<?xml version="1.0" encoding="UTF-8"?>
<!-- Generated by org.testng.reporters.JUnitReportReporter -->
<testsuite hostname="QA1082" failures="0" tests="1" name="com.salesforce.testcases.TC001_VerifyLogin" time="29.685" errors="0" timestamp="2022-11-21T11:29:59 IST" skipped="0">
  <testcase classname="com.salesforce.testcases.TC001_VerifyLogin" name="runLogin" time="29.685"/>
  <system-out/>
</testsuite> <!-- com.salesforce.testcases.TC001_VerifyLogin -->
