<?xml version="1.0" encoding="UTF-8"?>
<!-- Generated by org.testng.reporters.JUnitReportReporter -->
<testsuite hostname="QA1082" failures="0" tests="2" name="com.salesforce.testcases.TC004_VerifyGlobalActionPopUp" time="134.943" errors="0" timestamp="2022-11-21T11:29:59 IST" skipped="1">
  <testcase classname="com.salesforce.testcases.TC004_VerifyGlobalActionPopUp" name="runLogin" time="101.167">
    <skipped/>
  </testcase> <!-- runLogin -->
  <system-out/>
  <testcase classname="com.salesforce.testcases.TC004_VerifyGlobalActionPopUp" name="runLogin" time="33.776"/>
  <system-out/>
</testsuite> <!-- com.salesforce.testcases.TC004_VerifyGlobalActionPopUp -->
