<?xml version="1.0" encoding="UTF-8"?>
<!-- Generated by org.testng.reporters.JUnitReportReporter -->
<testsuite hostname="QA1082" failures="0" tests="1" name="com.salesforce.testcases.TC002_VerifyAppLauncher" time="38.235" errors="0" timestamp="2022-11-21T11:29:59 IST" skipped="0">
  <testcase classname="com.salesforce.testcases.TC002_VerifyAppLauncher" name="runLogin" time="38.235"/>
  <system-out/>
</testsuite> <!-- com.salesforce.testcases.TC002_VerifyAppLauncher -->
